0 info it worked if it ends with ok
1 verbose cli [ '/home/glaux/.nvm/versions/node/v6.6.0/bin/node',
1 verbose cli   '/home/glaux/.nvm/versions/node/v6.6.0/bin/npm',
1 verbose cli   'start' ]
2 info using npm@3.10.3
3 info using node@v6.6.0
4 verbose run-script [ 'prestart', 'start', 'poststart' ]
5 info lifecycle busstat-server@0.0.1~prestart: busstat-server@0.0.1
6 silly lifecycle busstat-server@0.0.1~prestart: no script for prestart, continuing
7 info lifecycle busstat-server@0.0.1~start: busstat-server@0.0.1
8 verbose lifecycle busstat-server@0.0.1~start: unsafe-perm in lifecycle true
9 verbose lifecycle busstat-server@0.0.1~start: PATH: /home/glaux/.nvm/versions/node/v6.6.0/lib/node_modules/npm/bin/node-gyp-bin:/home/glaux/code/node/WebStormProjects/busstat-server/node_modules/.bin:/home/glaux/.nvm/versions/node/v6.6.0/bin:/usr/local/heroku/bin:/home/glaux/.nvm/versions/node/v6.6.0/bin:/usr/local/heroku/bin:/usr/local/sbin:/usr/local/bin:/usr/bin:/usr/lib/jvm/default/bin:/usr/bin/site_perl:/usr/bin/vendor_perl:/usr/bin/core_perl
10 verbose lifecycle busstat-server@0.0.1~start: CWD: /home/glaux/code/node/WebStormProjects/busstat-server
11 silly lifecycle busstat-server@0.0.1~start: Args: [ '-c', 'node application/apllication.js' ]
12 silly lifecycle busstat-server@0.0.1~start: Returned: code: 1  signal: null
13 info lifecycle busstat-server@0.0.1~start: Failed to exec start script
14 verbose stack Error: busstat-server@0.0.1 start: `node application/apllication.js`
14 verbose stack Exit status 1
14 verbose stack     at EventEmitter.<anonymous> (/home/glaux/.nvm/versions/node/v6.6.0/lib/node_modules/npm/lib/utils/lifecycle.js:242:16)
14 verbose stack     at emitTwo (events.js:106:13)
14 verbose stack     at EventEmitter.emit (events.js:191:7)
14 verbose stack     at ChildProcess.<anonymous> (/home/glaux/.nvm/versions/node/v6.6.0/lib/node_modules/npm/lib/utils/spawn.js:40:14)
14 verbose stack     at emitTwo (events.js:106:13)
14 verbose stack     at ChildProcess.emit (events.js:191:7)
14 verbose stack     at maybeClose (internal/child_process.js:877:16)
14 verbose stack     at Process.ChildProcess._handle.onexit (internal/child_process.js:226:5)
15 verbose pkgid busstat-server@0.0.1
16 verbose cwd /home/glaux/code/node/WebStormProjects/busstat-server
17 error Linux 4.7.2-1-ARCH
18 error argv "/home/glaux/.nvm/versions/node/v6.6.0/bin/node" "/home/glaux/.nvm/versions/node/v6.6.0/bin/npm" "start"
19 error node v6.6.0
20 error npm  v3.10.3
21 error code ELIFECYCLE
22 error busstat-server@0.0.1 start: `node application/apllication.js`
22 error Exit status 1
23 error Failed at the busstat-server@0.0.1 start script 'node application/apllication.js'.
23 error Make sure you have the latest version of node.js and npm installed.
23 error If you do, this is most likely a problem with the busstat-server package,
23 error not with npm itself.
23 error Tell the author that this fails on your system:
23 error     node application/apllication.js
23 error You can get information on how to open an issue for this project with:
23 error     npm bugs busstat-server
23 error Or if that isn't available, you can get their info via:
23 error     npm owner ls busstat-server
23 error There is likely additional logging output above.
24 verbose exit [ 1, true ]
